#
# There is insufficient memory for the Java Runtime Environment to continue.
# Native memory allocation (mmap) failed to map 264241152 bytes. Error detail: G1 virtual space
# Possible reasons:
#   The system is out of physical RAM or swap space
#   This process is running with CompressedOops enabled, and the Java Heap may be blocking the growth of the native heap
# Possible solutions:
#   Reduce memory load on the system
#   Increase physical memory or swap space
#   Check if swap backing store is full
#   Decrease Java heap size (-Xmx/-Xms)
#   Decrease number of Java threads
#   Decrease Java thread stack sizes (-Xss)
#   Set larger code cache with -XX:ReservedCodeCacheSize=
#   JVM is running with Zero Based Compressed Oops mode in which the Java heap is
#     placed in the first 32GB address space. The Java Heap base address is the
#     maximum limit for the native heap growth. Please use -XX:HeapBaseMinAddress
#     to set the Java Heap base and to place the Java Heap above 32GB virtual address.
# This output file may be truncated or incomplete.
#
#  Out of Memory Error (os_windows.cpp:3825), pid=13648, tid=25908
#
# JRE version:  (17.0.11) (build )
# Java VM: OpenJDK 64-Bit Server VM (17.0.11+0--11852314, mixed mode, sharing, tiered, compressed oops, compressed class ptrs, g1 gc, windows-amd64)
# No core dump will be written. Minidumps are not enabled by default on client versions of Windows
#

---------------  S U M M A R Y ------------

Command Line: git4idea.http.GitAskPassApp Username for 'https://github.com': 

Host: 11th Gen Intel(R) Core(TM) i7-1165G7 @ 2.80GHz, 8 cores, 15G,  Windows 11 , 64 bit Build 26100 (10.0.26100.7019)
Time: Mon Dec  1 15:50:04 2025  Windows 11 , 64 bit Build 26100 (10.0.26100.7019) elapsed time: 0.018796 seconds (0d 0h 0m 0s)

---------------  T H R E A D  ---------------

Current thread (0x0000027e1208b9d0):  JavaThread "Unknown thread" [_thread_in_vm, id=25908, stack(0x000000c83cc00000,0x000000c83cd00000)]

Stack: [0x000000c83cc00000,0x000000c83cd00000]
Native frames: (J=compiled Java code, j=interpreted, Vv=VM code, C=native code)
V  [jvm.dll+0x687bb9]
V  [jvm.dll+0x84142a]
V  [jvm.dll+0x8430ae]
V  [jvm.dll+0x843713]
V  [jvm.dll+0x24a35f]
V  [jvm.dll+0x684989]
V  [jvm.dll+0x67923a]
V  [jvm.dll+0x30af0b]
V  [jvm.dll+0x3123b6]
V  [jvm.dll+0x361dfe]
V  [jvm.dll+0x36202f]
V  [jvm.dll+0x2e0d38]
V  [jvm.dll+0x2e1ca4]
V  [jvm.dll+0x811f21]
V  [jvm.dll+0x36fb68]
V  [jvm.dll+0x7f0896]
V  [jvm.dll+0x3f3d2f]
V  [jvm.dll+0x3f58e1]
C  [jli.dll+0x528f]
C  [ucrtbase.dll+0x37b0]
C  [KERNEL32.DLL+0x2e8d7]
C  [ntdll.dll+0x8c53c]


---------------  P R O C E S S  ---------------

Threads class SMR info:
_java_thread_list=0x00007ff9af04efd8, length=0, elements={
}

Java Threads: ( => current thread )

Other Threads:
  0x0000027e120f7470 GCTaskThread "GC Thread#0" [stack: 0x000000c83cd00000,0x000000c83ce00000] [id=30440]
  0x0000027e12107dd0 ConcurrentGCThread "G1 Main Marker" [stack: 0x000000c83ce00000,0x000000c83cf00000] [id=22036]
  0x0000027e121093d0 ConcurrentGCThread "G1 Conc#0" [stack: 0x000000c83cf00000,0x000000c83d000000] [id=16528]

[error occurred during error reporting (printing all threads), id 0xc0000005, EXCEPTION_ACCESS_VIOLATION (0xc0000005) at pc=0x00007ff9ae801907]

VM state: not at safepoint (not fully initialized)

VM Mutex/Monitor currently owned by a thread:  ([mutex/lock_event])
[0x0000027e12087470] Heap_lock - owner thread: 0x0000027e1208b9d0

Heap address: 0x0000000705000000, size: 4016 MB, Compressed Oops mode: Zero based, Oop shift amount: 3

CDS archive(s) mapped at: [0x0000000000000000-0x0000000000000000-0x0000000000000000), size 0, SharedBaseAddress: 0x0000000800000000, ArchiveRelocationMode: 1.
Narrow klass base: 0x0000000000000000, Narrow klass shift: 0, Narrow klass range: 0x0

GC Precious Log:
<Empty>

Heap:
 garbage-first heap   total 0K, used 0K [0x0000000705000000, 0x0000000800000000)
  region size 2048K, 0 young (0K), 0 survivors (0K)
 Metaspace       used 0K, committed 0K, reserved 0K
  class space    used 0K, committed 0K, reserved 0K

Heap Regions: E=young(eden), S=young(survivor), O=old, HS=humongous(starts), HC=humongous(continues), CS=collection set, F=free, OA=open archive, CA=closed archive, TAMS=top-at-mark-start (previous, next)

Card table byte_map: [0x0000027e25080000,0x0000027e25860000] _byte_map_base: 0x0000027e21858000

Marking Bits (Prev, Next): (CMBitMap*) 0x0000027e120f79a0, (CMBitMap*) 0x0000027e120f79e0
 Prev Bits: [0x0000027e26040000, 0x0000027e29f00000)
 Next Bits: [0x0000027e29f00000, 0x0000027e2ddc0000)

GC Heap History (0 events):
No events

Dll operation events (1 events):
Event: 0.009 Loaded shared library C:\Program Files\Android\Android Studio2\jbr\bin\java.dll

Deoptimization events (0 events):
No events

Classes unloaded (0 events):
No events

Classes redefined (0 events):
No events

Internal exceptions (0 events):
No events

VM Operations (0 events):
No events

Events (0 events):
No events


Dynamic libraries:
0x00007ff6670f0000 - 0x00007ff6670fa000 	C:\Program Files\Android\Android Studio2\jbr\bin\java.exe
0x00007ffa7aac0000 - 0x00007ffa7ad28000 	C:\WINDOWS\SYSTEM32\ntdll.dll
0x00007ffa79de0000 - 0x00007ffa79ea9000 	C:\WINDOWS\System32\KERNEL32.DLL
0x00007ffa77e10000 - 0x00007ffa78208000 	C:\WINDOWS\System32\KERNELBASE.dll
0x00007ffa77c10000 - 0x00007ffa77d5b000 	C:\WINDOWS\System32\ucrtbase.dll
0x00007ffa5b090000 - 0x00007ffa5b0ab000 	C:\Program Files\Android\Android Studio2\jbr\bin\VCRUNTIME140.dll
0x00007ffa61690000 - 0x00007ffa616a7000 	C:\Program Files\Android\Android Studio2\jbr\bin\jli.dll
0x00007ffa79f00000 - 0x00007ffa7a0c7000 	C:\WINDOWS\System32\USER32.dll
0x00007ffa57b90000 - 0x00007ffa57e24000 	C:\WINDOWS\WinSxS\amd64_microsoft.windows.common-controls_6595b64144ccf1df_6.0.26100.7019_none_3e06ffa0e335b8a8\COMCTL32.dll
0x00007ffa784d0000 - 0x00007ffa784f7000 	C:\WINDOWS\System32\win32u.dll
0x00007ffa7a7f0000 - 0x00007ffa7a899000 	C:\WINDOWS\System32\msvcrt.dll
0x00007ffa7a9a0000 - 0x00007ffa7a9cb000 	C:\WINDOWS\System32\GDI32.dll
0x00007ffa78500000 - 0x00007ffa7862c000 	C:\WINDOWS\System32\gdi32full.dll
0x00007ffa77d60000 - 0x00007ffa77e03000 	C:\WINDOWS\System32\msvcp_win.dll
0x00007ffa7a9d0000 - 0x00007ffa7aa01000 	C:\WINDOWS\System32\IMM32.DLL
0x00007ffa747f0000 - 0x00007ffa747fc000 	C:\Program Files\Android\Android Studio2\jbr\bin\vcruntime140_1.dll
0x00007ff9ef990000 - 0x00007ff9efa1d000 	C:\Program Files\Android\Android Studio2\jbr\bin\msvcp140.dll
0x00007ff9ae510000 - 0x00007ff9af193000 	C:\Program Files\Android\Android Studio2\jbr\bin\server\jvm.dll
0x00007ffa78860000 - 0x00007ffa78914000 	C:\WINDOWS\System32\ADVAPI32.dll
0x00007ffa79100000 - 0x00007ffa791a6000 	C:\WINDOWS\System32\sechost.dll
0x00007ffa79420000 - 0x00007ffa79538000 	C:\WINDOWS\System32\RPCRT4.dll
0x00007ffa77a70000 - 0x00007ffa77ace000 	C:\WINDOWS\SYSTEM32\POWRPROF.dll
0x00007ffa69650000 - 0x00007ffa6965a000 	C:\WINDOWS\SYSTEM32\WSOCK32.dll
0x00007ffa6ee00000 - 0x00007ffa6ee0b000 	C:\WINDOWS\SYSTEM32\VERSION.dll
0x00007ffa6f470000 - 0x00007ffa6f4a5000 	C:\WINDOWS\SYSTEM32\WINMM.dll
0x00007ffa796a0000 - 0x00007ffa79714000 	C:\WINDOWS\System32\WS2_32.dll
0x00007ffa77a50000 - 0x00007ffa77a64000 	C:\WINDOWS\SYSTEM32\UMPDC.dll
0x00007ffa769d0000 - 0x00007ffa769eb000 	C:\WINDOWS\SYSTEM32\kernel.appcore.dll
0x00007ffa748b0000 - 0x00007ffa748ba000 	C:\Program Files\Android\Android Studio2\jbr\bin\jimage.dll
0x00007ffa74eb0000 - 0x00007ffa750f2000 	C:\WINDOWS\SYSTEM32\DBGHELP.DLL
0x00007ffa7a2f0000 - 0x00007ffa7a67b000 	C:\WINDOWS\System32\combase.dll
0x00007ffa792c0000 - 0x00007ffa79397000 	C:\WINDOWS\System32\OLEAUT32.dll
0x00007ffa42db0000 - 0x00007ffa42dec000 	C:\WINDOWS\SYSTEM32\dbgcore.DLL
0x00007ffa787b0000 - 0x00007ffa78855000 	C:\WINDOWS\System32\bcryptPrimitives.dll
0x00007ffa58c50000 - 0x00007ffa58c75000 	C:\Program Files\Android\Android Studio2\jbr\bin\java.dll

dbghelp: loaded successfully - version: 4.0.5 - missing functions: none
symbol engine: initialized successfully - sym options: 0x614 - pdb path: .;C:\Program Files\Android\Android Studio2\jbr\bin;C:\WINDOWS\SYSTEM32;C:\WINDOWS\WinSxS\amd64_microsoft.windows.common-controls_6595b64144ccf1df_6.0.26100.7019_none_3e06ffa0e335b8a8;C:\Program Files\Android\Android Studio2\jbr\bin\server

VM Arguments:
java_command: git4idea.http.GitAskPassApp Username for 'https://github.com': 
java_class_path (initial): C:/Program Files/Android/Android Studio2/plugins/vcs-git/lib/git4idea-rt.jar;C:/Program Files/Android/Android Studio2/lib/externalProcess-rt.jar
Launcher Type: SUN_STANDARD

[Global flags]
     intx CICompilerCount                          = 4                                         {product} {ergonomic}
     uint ConcGCThreads                            = 2                                         {product} {ergonomic}
     uint G1ConcRefinementThreads                  = 8                                         {product} {ergonomic}
   size_t G1HeapRegionSize                         = 2097152                                   {product} {ergonomic}
    uintx GCDrainStackTargetSize                   = 64                                        {product} {ergonomic}
   size_t InitialHeapSize                          = 264241152                                 {product} {ergonomic}
   size_t MarkStackSize                            = 4194304                                   {product} {ergonomic}
   size_t MaxHeapSize                              = 4211081216                                {product} {ergonomic}
   size_t MinHeapDeltaBytes                        = 2097152                                   {product} {ergonomic}
   size_t MinHeapSize                              = 8388608                                   {product} {ergonomic}
    uintx NonNMethodCodeHeapSize                   = 5839372                                {pd product} {ergonomic}
    uintx NonProfiledCodeHeapSize                  = 122909434                              {pd product} {ergonomic}
    uintx ProfiledCodeHeapSize                     = 122909434                              {pd product} {ergonomic}
    uintx ReservedCodeCacheSize                    = 251658240                              {pd product} {ergonomic}
     bool SegmentedCodeCache                       = true                                      {product} {ergonomic}
   size_t SoftMaxHeapSize                          = 4211081216                             {manageable} {ergonomic}
     bool UseCompressedClassPointers               = true                           {product lp64_product} {ergonomic}
     bool UseCompressedOops                        = true                           {product lp64_product} {ergonomic}
     bool UseG1GC                                  = true                                      {product} {ergonomic}
     bool UseLargePagesIndividualAllocation        = false                                  {pd product} {ergonomic}

Logging:
Log output configuration:
 #0: stdout all=warning uptime,level,tags
 #1: stderr all=off uptime,level,tags

Environment Variables:
PATH=C:\Program Files\Git\mingw64\libexec\git-core;C:\Program Files\Git\mingw64\libexec\git-core;C:\Program Files\Git\mingw64\bin;C:\Program Files\Git\usr\bin;C:\Users\rlfma\bin;C:\Program Files (x86)\VMware\VMware Player\bin;C:\Program Files\Common Files\Oracle\Java\javapath;C:\windows\system32;C:\windows;C:\windows\System32\Wbem;C:\windows\System32\WindowsPowerShell\v1.0;C:\windows\System32\OpenSSH;C:\Program Files (x86)\NVIDIA Corporation\PhysX\Common;C:\WINDOWS\system32;C:\WINDOWS;C:\WINDOWS\System32\Wbem;C:\WINDOWS\System32\WindowsPowerShell\v1.0;C:\WINDOWS\System32\OpenSSH;C:\Program Files (x86)\Windows Kits\10\Windows Performance Toolkit;C:\Program Files\Git\cmd;C:\Program Files\NVIDIA Corporation\NVIDIA app\NvDLISR;C:\Users\rlfma\AppData\Local\Programs\Python\Python311\Scripts;C:\Users\rlfma\AppData\Local\Programs\Python\Python311;C:\Users\rlfma\AppData\Local\Microsoft\WindowsApps;C:\Program Files\Bandizip;C:\Users\rlfma\AppData\Local\Programs\Microsoft VS Code\bin;C:\Program Files\JetBrains\PyCharm Community Edition 2024.1.2\bin
USERNAME=rlfma
DISPLAY=:0.0
LC_ALL=en_US.UTF-8
TERM=xterm-256color
TMPDIR=C:\Users\rlfma\AppData\Local\Temp
OS=Windows_NT
PROCESSOR_IDENTIFIER=Intel64 Family 6 Model 140 Stepping 1, GenuineIntel
TMP=C:\Users\rlfma\AppData\Local\Temp
TEMP=C:\Users\rlfma\AppData\Local\Temp



Periodic native trim disabled

JNI global refs:
JNI global refs: 0, weak refs: 0

JNI global refs memory usage: 0, weak refs: 0

Process memory usage:
Resident Set Size: 13576K (0% of 16446280K total physical memory with 795604K free physical memory)

OOME stack traces (most recent first):
Classloader memory used:


---------------  S Y S T E M  ---------------

OS:
 Windows 11 , 64 bit Build 26100 (10.0.26100.7019)
OS uptime: 2 days 3:19 hours
Hyper-V role detected

CPU: total 8 (initial active 8) (4 cores per cpu, 2 threads per core) family 6 model 140 stepping 1 microcode 0xb4, cx8, cmov, fxsr, ht, mmx, 3dnowpref, sse, sse2, sse3, ssse3, sse4.1, sse4.2, popcnt, lzcnt, tsc, tscinvbit, avx, avx2, aes, erms, clmul, bmi1, bmi2, adx, avx512f, avx512dq, avx512cd, avx512bw, avx512vl, sha, fma, vzeroupper, avx512_vpopcntdq, avx512_vpclmulqdq, avx512_vaes, avx512_vnni, clflush, clflushopt, clwb, avx512_vbmi2, avx512_vbmi, hv
Processor Information for processor 0
  Max Mhz: 2801, Current Mhz: 1000, Mhz Limit: 2801
Processor Information for processor 1
  Max Mhz: 2801, Current Mhz: 1000, Mhz Limit: 2801
Processor Information for processor 2
  Max Mhz: 2801, Current Mhz: 1000, Mhz Limit: 2801
Processor Information for processor 3
  Max Mhz: 2801, Current Mhz: 2801, Mhz Limit: 2801
Processor Information for processor 4
  Max Mhz: 2801, Current Mhz: 1000, Mhz Limit: 2801
Processor Information for processor 5
  Max Mhz: 2801, Current Mhz: 1000, Mhz Limit: 2801
Processor Information for processor 6
  Max Mhz: 2801, Current Mhz: 1000, Mhz Limit: 2801
Processor Information for processor 7
  Max Mhz: 2801, Current Mhz: 1000, Mhz Limit: 2801

Memory: 4k page, system-wide physical 16060M (776M free)
TotalPageFile size 42276M (AvailPageFile size 135M)
current process WorkingSet (physical memory assigned to process): 13M, peak: 13M
current process commit charge ("private bytes"): 60M, peak: 312M

vm_info: OpenJDK 64-Bit Server VM (17.0.11+0--11852314) for windows-amd64 JRE (17.0.11+0--11852314), built on May 16 2024 21:29:20 by "androidbuild" with MS VC++ 16.10 / 16.11 (VS2019)

END.
